[debug] [2024-02-03T15:13:31.493Z] ----------------------------------------------------------------------
[debug] [2024-02-03T15:13:31.496Z] Command:       C:\Program Files\nodejs\node.exe C:\Users\rohit\AppData\Roaming\npm\node_modules\firebase-tools\lib\bin\firebase.js init
[debug] [2024-02-03T15:13:31.496Z] CLI Version:   13.1.0
[debug] [2024-02-03T15:13:31.496Z] Platform:      win32
[debug] [2024-02-03T15:13:31.497Z] Node Version:  v20.9.0
[debug] [2024-02-03T15:13:31.497Z] Time:          Sat Feb 03 2024 10:13:31 GMT-0500 (Eastern Standard Time)
[debug] [2024-02-03T15:13:31.497Z] ----------------------------------------------------------------------
[debug] 
[debug] [2024-02-03T15:13:31.500Z] >>> [apiv2][query] GET https://firebase-public.firebaseio.com/cli.json [none]
[debug] [2024-02-03T15:13:31.559Z] > command requires scopes: ["email","openid","https://www.googleapis.com/auth/cloudplatformprojects.readonly","https://www.googleapis.com/auth/firebase","https://www.googleapis.com/auth/cloud-platform"]
[debug] [2024-02-03T15:13:31.559Z] > authorizing via signed-in user (rohitverma0150@gmail.com)
[info] 
     ######## #### ########  ######## ########     ###     ######  ########
     ##        ##  ##     ## ##       ##     ##  ##   ##  ##       ##
     ######    ##  ########  ######   ########  #########  ######  ######
     ##        ##  ##    ##  ##       ##     ## ##     ##       ## ##
     ##       #### ##     ## ######## ########  ##     ##  ######  ########

You're about to initialize a Firebase project in this directory:

  C:\Old_Harddrive_Data\E_drive\main-projects\Gmail Clone\gmail-clone

Before we get started, keep in mind:

  * You are currently outside your home directory

[debug] [2024-02-03T15:13:31.700Z] <<< [apiv2][status] GET https://firebase-public.firebaseio.com/cli.json 200
[debug] [2024-02-03T15:13:31.700Z] <<< [apiv2][body] GET https://firebase-public.firebaseio.com/cli.json {"cloudBuildErrorAfter":1594252800000,"cloudBuildWarnAfter":1590019200000,"defaultNode10After":1594252800000,"minVersion":"3.0.5","node8DeploysDisabledAfter":1613390400000,"node8RuntimeDisabledAfter":1615809600000,"node8WarnAfter":1600128000000}
